<?xml version="1.0" encoding="UTF-8"?>
<testng-results ignored="0" total="1" passed="1" failed="0" skipped="0">
  <reporter-output>
  </reporter-output>
  <suite started-at="2022-05-09T22:53:13 PDT" name="Default suite" finished-at="2022-05-09T22:53:35 PDT" duration-ms="21883">
    <groups>
    </groups>
    <test started-at="2022-05-09T22:53:13 PDT" name="Default test" finished-at="2022-05-09T22:53:35 PDT" duration-ms="21883">
      <class name="facebook.CreateAccountValidLogin">
        <test-method is-config="true" signature="setUp()[pri:0, instance:facebook.CreateAccountValidLogin@7205765b]" started-at="2022-05-09T22:53:13 PDT" name="setUp" finished-at="2022-05-09T22:53:17 PDT" duration-ms="3902" status="PASS">
          <reporter-output>
          </reporter-output>
        </test-method> <!-- setUp -->
        <test-method signature="completeLogin()[pri:2, instance:facebook.CreateAccountValidLogin@7205765b]" started-at="2022-05-09T22:53:17 PDT" name="completeLogin" description="Complete Valid Login." finished-at="2022-05-09T22:53:35 PDT" duration-ms="17947" status="PASS">
          <reporter-output>
          </reporter-output>
        </test-method> <!-- completeLogin -->
        <test-method is-config="true" signature="tearDown()[pri:0, instance:facebook.CreateAccountValidLogin@7205765b]" started-at="2022-05-09T22:53:35 PDT" name="tearDown" finished-at="2022-05-09T22:53:35 PDT" duration-ms="0" status="PASS">
          <reporter-output>
          </reporter-output>
        </test-method> <!-- tearDown -->
      </class> <!-- facebook.CreateAccountValidLogin -->
    </test> <!-- Default test -->
  </suite> <!-- Default suite -->
</testng-results>
