{
  "stats": {
    "suites": 4,
    "tests": 13,
    "passes": 13,
    "pending": 0,
    "failures": 0,
    "start": "2022-05-10T01:24:22.194Z",
    "end": "2022-05-10T01:24:50.622Z",
    "duration": 28428,
    "testsRegistered": 13,
    "passPercent": 100,
    "pendingPercent": 0,
    "other": 0,
    "hasOther": false,
    "skipped": 0,
    "hasSkipped": false
  },
  "results": [
    {
      "uuid": "b1b78d2d-1793-42bb-b3aa-cfdf467d7c53",
      "title": "",
      "fullFile": "cypress/integration/test-specs/signIn.spec.js",
      "file": "cypress/integration/test-specs/signIn.spec.js",
      "beforeHooks": [],
      "afterHooks": [],
      "tests": [],
      "suites": [
        {
          "uuid": "ec4cd3e1-d4c6-40ae-bd7f-608a7fce6c38",
          "title": "Sign In Form Test",
          "fullFile": "",
          "file": "",
          "beforeHooks": [],
          "afterHooks": [],
          "tests": [
            {
              "title": "Go to Sign In Page",
              "fullTitle": "Sign In Form Test Go to Sign In Page",
              "timedOut": null,
              "duration": 13857,
              "state": "passed",
              "speed": "slow",
              "pass": true,
              "fail": false,
              "pending": false,
              "context": null,
              "code": "_home.default.openAccountMenu();\n_home.default.clickAccountMenu_SignInLink();",
              "err": {},
              "uuid": "4e5770f7-be51-4389-8ce3-929b37b1a04d",
              "parentUUID": "ec4cd3e1-d4c6-40ae-bd7f-608a7fce6c38",
              "isHook": false,
              "skipped": false
            },
            {
              "title": "Verify Now On Sign In Page.",
              "fullTitle": "Sign In Form Test Verify Now On Sign In Page.",
              "timedOut": null,
              "duration": 264,
              "state": "passed",
              "speed": "fast",
              "pass": true,
              "fail": false,
              "pending": false,
              "context": null,
              "code": "sign_In.verify_OnSignInPage(_input.default.path_SignInPage);",
              "err": {},
              "uuid": "34c0a809-86ce-40e8-973f-7bdb21012c36",
              "parentUUID": "ec4cd3e1-d4c6-40ae-bd7f-608a7fce6c38",
              "isHook": false,
              "skipped": false
            },
            {
              "title": "Verify all form elements are visible.",
              "fullTitle": "Sign In Form Test Verify all form elements are visible.",
              "timedOut": null,
              "duration": 59,
              "state": "passed",
              "speed": "fast",
              "pass": true,
              "fail": false,
              "pending": false,
              "context": null,
              "code": "sign_In.verify_getEmailFld_Visible();\nsign_In.verify_getPasswordFld_Visible();\nsign_In.verify_KeepMeSignedInChkBx_Visible();\nsign_In.verify_SignInBtn_Visible();\nsign_In.verify_ForgotPasswordLnk_Visible();\nsign_In.verify_CreateYourTargetAccountBtn_Visible();",
              "err": {},
              "uuid": "8a690a5b-6b7b-4d6f-a86f-cb16811037ba",
              "parentUUID": "ec4cd3e1-d4c6-40ae-bd7f-608a7fce6c38",
              "isHook": false,
              "skipped": false
            },
            {
              "title": "Verify all form elements attributes.",
              "fullTitle": "Sign In Form Test Verify all form elements attributes.",
              "timedOut": null,
              "duration": 6481,
              "state": "passed",
              "speed": "medium",
              "pass": true,
              "fail": false,
              "pending": false,
              "context": null,
              "code": "sign_In.verify_EmailFld_Attributes();\nsign_In.verify_PasswordFld_Attributes();\nsign_In.verify_KeepMeSignedInChkBx_Attributes();\nsign_In.verify_SignInBtn_Attributes(_input.default.sn_txtSignInBtn);\nsign_In.verify_ForgotPasswordLnk_Attributes(_input.default.sn_txtForgotPasswordLnk);\nsign_In.verify_CreateYourAccountBtn_Attributes(_input.default.sn_txtCreateYourAccountBtn);\nsign_In.verify_PasswordShowHideToggle_Functional();",
              "err": {},
              "uuid": "01eff4c9-48bb-4f36-910c-1a4ead2a9fcf",
              "parentUUID": "ec4cd3e1-d4c6-40ae-bd7f-608a7fce6c38",
              "isHook": false,
              "skipped": false
            }
          ],
          "suites": [
            {
              "uuid": "e0b6d0ff-52e1-425c-875d-dbae65afa41c",
              "title": "Verify required fields highlighted & \"Enter Data\" warning messages display when empty form submitted.",
              "fullFile": "",
              "file": "",
              "beforeHooks": [],
              "afterHooks": [],
              "tests": [
                {
                  "title": "Submit empty form.",
                  "fullTitle": "Sign In Form Test Verify required fields highlighted & \"Enter Data\" warning messages display when empty form submitted. Submit empty form.",
                  "timedOut": null,
                  "duration": 4156,
                  "state": "passed",
                  "speed": "fast",
                  "pass": true,
                  "fail": false,
                  "pending": false,
                  "context": null,
                  "code": "sign_In.submit_LoginForm();\nsign_In.verify_OnSignInPage(_input.default.path_SignInPage);\ncy.wait(4000);",
                  "err": {},
                  "uuid": "17526de5-1250-469c-8221-03322eda2f43",
                  "parentUUID": "e0b6d0ff-52e1-425c-875d-dbae65afa41c",
                  "isHook": false,
                  "skipped": false
                },
                {
                  "title": "Verify required fields highlighted.",
                  "fullTitle": "Sign In Form Test Verify required fields highlighted & \"Enter Data\" warning messages display when empty form submitted. Verify required fields highlighted.",
                  "timedOut": null,
                  "duration": 38,
                  "state": "passed",
                  "speed": "fast",
                  "pass": true,
                  "fail": false,
                  "pending": false,
                  "context": null,
                  "code": "sign_In.verify_RequiredFldEmail_Highlighted();\nsign_In.verify_RequiredFldPassword_Highlighted();",
                  "err": {},
                  "uuid": "8e925879-bca9-4dc2-949d-7698cfebfe68",
                  "parentUUID": "e0b6d0ff-52e1-425c-875d-dbae65afa41c",
                  "isHook": false,
                  "skipped": false
                },
                {
                  "title": "Verify \"Enter Data\" warning messages display.",
                  "fullTitle": "Sign In Form Test Verify required fields highlighted & \"Enter Data\" warning messages display when empty form submitted. Verify \"Enter Data\" warning messages display.",
                  "timedOut": null,
                  "duration": 46,
                  "state": "passed",
                  "speed": "fast",
                  "pass": true,
                  "fail": false,
                  "pending": false,
                  "context": null,
                  "code": "sign_In.verify_EmailFldWarningMsg(visible, _input.default.sn_WrngMsg_EmailFld);\nsign_In.verify_PasswordFldWarningMsg(visible, _input.default.sn_WrngMsg_PasswordFld);",
                  "err": {},
                  "uuid": "3f29dfaa-1e9c-48cf-93a2-fd62d60da96f",
                  "parentUUID": "e0b6d0ff-52e1-425c-875d-dbae65afa41c",
                  "isHook": false,
                  "skipped": false
                }
              ],
              "suites": [],
              "passes": [
                "17526de5-1250-469c-8221-03322eda2f43",
                "8e925879-bca9-4dc2-949d-7698cfebfe68",
                "3f29dfaa-1e9c-48cf-93a2-fd62d60da96f"
              ],
              "failures": [],
              "pending": [],
              "skipped": [],
              "duration": 4240,
              "root": false,
              "rootEmpty": false,
              "_timeout": 2000
            },
            {
              "uuid": "708b97d4-3288-4110-9f1a-188204bb8b73",
              "title": "Verify required fields highlighted & \"Invalid Data\" warning messages display when invalid information entered.",
              "fullFile": "",
              "file": "",
              "beforeHooks": [],
              "afterHooks": [],
              "tests": [
                {
                  "title": "Enter invalid username and password.",
                  "fullTitle": "Sign In Form Test Verify required fields highlighted & \"Invalid Data\" warning messages display when invalid information entered. Enter invalid username and password.",
                  "timedOut": null,
                  "duration": 995,
                  "state": "passed",
                  "speed": "fast",
                  "pass": true,
                  "fail": false,
                  "pending": false,
                  "context": null,
                  "code": "sign_In.set_EmailFld(_input.default.invalid_Email);\nsign_In.set_PasswordFld(_input.default.invalid_Password);",
                  "err": {},
                  "uuid": "e8b87293-aa98-4af7-a1e7-2041af9152a7",
                  "parentUUID": "708b97d4-3288-4110-9f1a-188204bb8b73",
                  "isHook": false,
                  "skipped": false
                },
                {
                  "title": "Verify required fields highlighted.",
                  "fullTitle": "Sign In Form Test Verify required fields highlighted & \"Invalid Data\" warning messages display when invalid information entered. Verify required fields highlighted.",
                  "timedOut": null,
                  "duration": 33,
                  "state": "passed",
                  "speed": "fast",
                  "pass": true,
                  "fail": false,
                  "pending": false,
                  "context": null,
                  "code": "sign_In.verify_RequiredFldEmail_Highlighted();\nsign_In.verify_RequiredFldPassword_Highlighted();",
                  "err": {},
                  "uuid": "c0219f07-cbad-4562-b371-f135dee15e3f",
                  "parentUUID": "708b97d4-3288-4110-9f1a-188204bb8b73",
                  "isHook": false,
                  "skipped": false
                },
                {
                  "title": "Verify \"Invalid Data\" warning messages display.",
                  "fullTitle": "Sign In Form Test Verify required fields highlighted & \"Invalid Data\" warning messages display when invalid information entered. Verify \"Invalid Data\" warning messages display.",
                  "timedOut": null,
                  "duration": 53,
                  "state": "passed",
                  "speed": "fast",
                  "pass": true,
                  "fail": false,
                  "pending": false,
                  "context": null,
                  "code": "sign_In.verify_EmailFldWarningMsg(visible, _input.default.sn_InvldInptMsg_EmailFld);\nsign_In.verify_PasswordFldWarningMsg(visible, _input.default.sn_InvldInptMsg_PasswordFld);",
                  "err": {},
                  "uuid": "7ac7cdf2-cac3-4856-98a7-47da98f8fc2b",
                  "parentUUID": "708b97d4-3288-4110-9f1a-188204bb8b73",
                  "isHook": false,
                  "skipped": false
                }
              ],
              "suites": [],
              "passes": [
                "e8b87293-aa98-4af7-a1e7-2041af9152a7",
                "c0219f07-cbad-4562-b371-f135dee15e3f",
                "7ac7cdf2-cac3-4856-98a7-47da98f8fc2b"
              ],
              "failures": [],
              "pending": [],
              "skipped": [],
              "duration": 1081,
              "root": false,
              "rootEmpty": false,
              "_timeout": 2000
            },
            {
              "uuid": "3a42d2e8-d569-40bf-90f5-abc8e7e351e7",
              "title": "Verify required field highlights & warning messages disappear when valid info entered.",
              "fullFile": "",
              "file": "",
              "beforeHooks": [],
              "afterHooks": [],
              "tests": [
                {
                  "title": "Enter valid username password.",
                  "fullTitle": "Sign In Form Test Verify required field highlights & warning messages disappear when valid info entered. Enter valid username password.",
                  "timedOut": null,
                  "duration": 1335,
                  "state": "passed",
                  "speed": "fast",
                  "pass": true,
                  "fail": false,
                  "pending": false,
                  "context": null,
                  "code": "sign_In.set_EmailFld(_input.default.valid_email);\nsign_In.set_PasswordFld(_input.default.valid_password);",
                  "err": {},
                  "uuid": "a0893f2d-c504-4c9b-aa6a-94d624c75ae2",
                  "parentUUID": "3a42d2e8-d569-40bf-90f5-abc8e7e351e7",
                  "isHook": false,
                  "skipped": false
                },
                {
                  "title": "Verify required fields unhighlighted.",
                  "fullTitle": "Sign In Form Test Verify required field highlights & warning messages disappear when valid info entered. Verify required fields unhighlighted.",
                  "timedOut": null,
                  "duration": 29,
                  "state": "passed",
                  "speed": "fast",
                  "pass": true,
                  "fail": false,
                  "pending": false,
                  "context": null,
                  "code": "sign_In.verify_RequiredFldEmail_UnHighlighted();\nsign_In.verify_RequiredFldPassword_UnHighlighted();",
                  "err": {},
                  "uuid": "aafde69f-b552-4a88-a51f-766ee3480eb8",
                  "parentUUID": "3a42d2e8-d569-40bf-90f5-abc8e7e351e7",
                  "isHook": false,
                  "skipped": false
                },
                {
                  "title": "Verify warning messages disappear when valid username and password entered.",
                  "fullTitle": "Sign In Form Test Verify required field highlights & warning messages disappear when valid info entered. Verify warning messages disappear when valid username and password entered.",
                  "timedOut": null,
                  "duration": 21,
                  "state": "passed",
                  "speed": "fast",
                  "pass": true,
                  "fail": false,
                  "pending": false,
                  "context": null,
                  "code": "sign_In.verify_EmailFldWarningMsg(doesNotExist);\nsign_In.verify_PasswordFldWarningMsg(doesNotExist);",
                  "err": {},
                  "uuid": "1fdca885-ae24-4660-96eb-c62faad5b453",
                  "parentUUID": "3a42d2e8-d569-40bf-90f5-abc8e7e351e7",
                  "isHook": false,
                  "skipped": false
                }
              ],
              "suites": [],
              "passes": [
                "a0893f2d-c504-4c9b-aa6a-94d624c75ae2",
                "aafde69f-b552-4a88-a51f-766ee3480eb8",
                "1fdca885-ae24-4660-96eb-c62faad5b453"
              ],
              "failures": [],
              "pending": [],
              "skipped": [],
              "duration": 1385,
              "root": false,
              "rootEmpty": false,
              "_timeout": 2000
            }
          ],
          "passes": [
            "4e5770f7-be51-4389-8ce3-929b37b1a04d",
            "34c0a809-86ce-40e8-973f-7bdb21012c36",
            "8a690a5b-6b7b-4d6f-a86f-cb16811037ba",
            "01eff4c9-48bb-4f36-910c-1a4ead2a9fcf"
          ],
          "failures": [],
          "pending": [],
          "skipped": [],
          "duration": 20661,
          "root": false,
          "rootEmpty": false,
          "_timeout": 2000
        }
      ],
      "passes": [],
      "failures": [],
      "pending": [],
      "skipped": [],
      "duration": 0,
      "root": true,
      "rootEmpty": true,
      "_timeout": 2000
    }
  ],
  "meta": {
    "mocha": {
      "version": "7.0.1"
    },
    "mochawesome": {
      "options": {
        "quiet": false,
        "reportFilename": "mochawesome",
        "saveHtml": true,
        "saveJson": true,
        "consoleReporter": "spec",
        "useInlineDiffs": false,
        "code": true
      },
      "version": "7.1.2"
    },
    "marge": {
      "options": null,
      "version": "6.1.1"
    }
  }
}